[2025-06-24 19:35:15] Consulta de estado: sin_historial, Procesos activos: False
[2025-06-24 19:41:05] Consulta de estado: completado_recientemente, Procesos activos: False
[2025-06-24 19:44:23] Consulta de estado: completado_recientemente, Procesos activos: False
[2025-06-24 20:01:08] Consulta de estado: completado, Procesos activos: False
[2025-06-25 15:43:30] Consulta de estado: completado, Procesos activos: False
[2025-06-25 15:50:39] Consulta de estado: completado_recientemente, Procesos activos: False
[2025-06-25 17:23:27] Consulta de estado: completado, Procesos activos: False
[2025-06-25 18:13:23] Consulta de estado: completado, Procesos activos: False
[2025-06-25 19:07:50] Consulta de estado: completado, Procesos activos: False
[2025-06-25 20:01:59] Consulta de estado: completado, Procesos activos: False
[2025-06-25 20:05:06] Consulta de estado: completado_recientemente, Procesos activos: False
[2025-06-25 20:07:36] Consulta de estado: completado_recientemente, Procesos activos: False
[2025-06-25 20:19:40] Consulta de estado: completado, Procesos activos: False
[2025-06-25 20:30:42] Consulta de estado: completado, Procesos activos: False
[2025-06-25 21:31:30] Consulta de estado: completado, Procesos activos: False
[2025-06-25 21:33:07] Consulta de estado: completado_recientemente, Procesos activos: False
[2025-06-25 21:33:33] Consulta de estado: completado_recientemente, Procesos activos: False
[2025-06-26 10:50:46] Consulta de estado: completado, Procesos activos: False
[2025-06-26 11:30:22] Consulta de estado: completado, Procesos activos: False
[2025-06-26 11:31:02] Consulta de estado: completado_recientemente, Procesos activos: False
[2025-06-26 12:49:25] Consulta de estado: completado, Procesos activos: False
[2025-06-26 13:20:52] Consulta de estado: completado, Procesos activos: False
[2025-06-26 13:23:20] Consulta de estado: completado_recientemente, Procesos activos: False
[2025-06-26 13:42:39] Consulta de estado: completado, Procesos activos: False
[2025-06-26 18:51:35] Consulta de estado: completado, Procesos activos: False
[2025-06-26 19:22:30] Consulta de estado: completado, Procesos activos: False
[2025-06-26 19:42:23] Consulta de estado: completado, Procesos activos: False
[2025-06-26 20:47:31] Consulta de estado: completado, Procesos activos: False
[2025-06-26 21:24:43] Consulta de estado: completado, Procesos activos: False
[2025-06-26 21:27:32] Consulta de estado: completado_recientemente, Procesos activos: False
[2025-06-26 22:17:31] Consulta de estado: completado, Procesos activos: False
[2025-06-26 22:30:57] Consulta de estado: completado, Procesos activos: False
[2025-06-26 22:53:27] Consulta de estado: completado, Procesos activos: False
[2025-06-26 23:03:10] Consulta de estado: completado_recientemente, Procesos activos: False
[2025-06-26 23:21:26] Consulta de estado: completado, Procesos activos: False
[2025-06-26 23:32:10] Consulta de estado: completado, Procesos activos: False
[2025-06-27 09:19:04] Consulta de estado: completado, Procesos activos: False
[2025-06-27 09:48:03] Consulta de estado: completado, Procesos activos: False
[2025-06-27 10:01:10] Consulta de estado: completado, Procesos activos: False
[2025-06-27 10:04:44] Consulta de estado: completado_recientemente, Procesos activos: False
[2025-06-27 10:49:32] Consulta de estado: completado, Procesos activos: False
[2025-06-27 10:50:31] Consulta de estado: completado_recientemente, Procesos activos: False
[2025-06-27 11:02:23] Consulta de estado: completado, Procesos activos: False
[2025-06-27 11:53:13] Consulta de estado: completado, Procesos activos: False
[2025-06-27 12:05:36] Consulta de estado: completado, Procesos activos: False
[2025-06-27 13:25:44] Consulta de estado: completado, Procesos activos: False
[2025-06-27 13:39:58] Consulta de estado: completado, Procesos activos: False
[2025-06-27 13:50:31] Consulta de estado: completado, Procesos activos: False
[2025-06-27 14:23:23] Consulta de estado: completado, Procesos activos: False
[2025-06-27 16:20:03] Consulta de estado: completado, Procesos activos: False
[2025-06-27 16:32:34] Consulta de estado: completado, Procesos activos: False
[2025-06-27 16:35:23] Consulta de estado: completado_recientemente, Procesos activos: False
[2025-06-27 16:37:37] Consulta de estado: completado_recientemente, Procesos activos: False
[2025-06-27 16:44:59] Consulta de estado: completado_recientemente, Procesos activos: False
[2025-06-27 17:11:23] Consulta de estado: completado, Procesos activos: False
[2025-06-27 17:20:58] Consulta de estado: completado_recientemente, Procesos activos: False
[2025-06-27 17:27:21] Consulta de estado: completado_recientemente, Procesos activos: False
[2025-06-27 17:28:42] Consulta de estado: completado_recientemente, Procesos activos: False
[2025-06-27 17:38:40] Consulta de estado: completado_recientemente, Procesos activos: False
[2025-06-27 17:48:48] Consulta de estado: completado, Procesos activos: False
[2025-06-27 18:01:55] Consulta de estado: completado, Procesos activos: False
[2025-06-27 18:06:33] Consulta de estado: completado_recientemente, Procesos activos: False
[2025-06-27 18:07:00] Consulta de estado: completado_recientemente, Procesos activos: False
[2025-06-27 18:18:07] Consulta de estado: completado, Procesos activos: False
[2025-06-27 18:19:11] Consulta de estado: completado_recientemente, Procesos activos: False
[2025-06-27 18:19:25] Consulta de estado: completado_recientemente, Procesos activos: False
[2025-06-27 18:19:57] Consulta de estado: completado_recientemente, Procesos activos: False
[2025-06-27 18:40:08] Consulta de estado: completado, Procesos activos: False
[2025-06-27 18:40:18] Consulta de estado: completado_recientemente, Procesos activos: False
[2025-06-27 18:40:39] Consulta de estado: completado_recientemente, Procesos activos: False
[2025-06-27 18:45:35] Consulta de estado: completado_recientemente, Procesos activos: False
[2025-06-27 18:45:44] Consulta de estado: completado_recientemente, Procesos activos: False
[2025-06-27 19:26:43] Consulta de estado: completado, Procesos activos: False
[2025-06-27 19:38:02] Consulta de estado: completado, Procesos activos: False
[2025-06-27 19:38:33] Consulta de estado: completado_recientemente, Procesos activos: False
[2025-06-29 09:42:47] Consulta de estado: completado, Procesos activos: False
[2025-06-29 09:51:15] Consulta de estado: completado_recientemente, Procesos activos: False
[2025-06-29 09:52:42] Consulta de estado: completado_recientemente, Procesos activos: False
[2025-06-29 10:02:13] Consulta de estado: completado_recientemente, Procesos activos: False
[2025-06-29 12:34:24] Consulta de estado: completado, Procesos activos: False
[2025-06-29 12:35:09] Consulta de estado: completado_recientemente, Procesos activos: False
[2025-06-29 12:38:04] Consulta de estado: completado_recientemente, Procesos activos: False
[2025-06-29 12:42:04] Consulta de estado: completado_recientemente, Procesos activos: False
[2025-06-29 12:58:58] Consulta de estado: completado, Procesos activos: False
[2025-06-29 13:28:56] Consulta de estado: completado, Procesos activos: False
[2025-06-29 13:31:09] Consulta de estado: completado_recientemente, Procesos activos: False
[2025-06-29 13:31:22] Consulta de estado: completado_recientemente, Procesos activos: False
[2025-06-29 13:31:50] Consulta de estado: completado_recientemente, Procesos activos: False
[2025-06-29 13:59:11] Consulta de estado: completado, Procesos activos: False
[2025-06-29 14:12:50] Consulta de estado: completado, Procesos activos: False
[2025-06-29 14:13:08] Consulta de estado: completado_recientemente, Procesos activos: False
[2025-06-29 14:21:49] Consulta de estado: completado_recientemente, Procesos activos: False
[2025-06-29 14:31:45] Consulta de estado: completado_recientemente, Procesos activos: False
[2025-06-29 14:35:17] Consulta de estado: completado_recientemente, Procesos activos: False
[2025-06-29 17:20:53] Consulta de estado: completado, Procesos activos: False
[2025-06-29 17:27:55] Consulta de estado: completado_recientemente, Procesos activos: False
[2025-06-29 17:43:35] Consulta de estado: completado, Procesos activos: False
[2025-06-29 17:43:43] Consulta de estado: completado_recientemente, Procesos activos: False
[2025-06-29 17:55:21] Consulta de estado: completado, Procesos activos: False
[2025-06-29 18:02:23] Consulta de estado: completado_recientemente, Procesos activos: False
[2025-06-29 18:09:36] Consulta de estado: completado_recientemente, Procesos activos: False
[2025-06-29 18:17:14] Consulta de estado: completado_recientemente, Procesos activos: False
[2025-06-29 18:25:22] Consulta de estado: completado_recientemente, Procesos activos: False
[2025-06-29 18:27:00] Consulta de estado: completado_recientemente, Procesos activos: False
[2025-06-29 18:27:33] Consulta de estado: completado_recientemente, Procesos activos: False
[2025-06-29 18:28:01] Consulta de estado: completado_recientemente, Procesos activos: False
[2025-06-29 18:28:13] Consulta de estado: completado_recientemente, Procesos activos: False
[2025-06-29 18:28:25] Consulta de estado: completado_recientemente, Procesos activos: False
[2025-06-29 18:38:43] Consulta de estado: completado, Procesos activos: False
[2025-06-29 18:41:28] Consulta de estado: completado_recientemente, Procesos activos: False
[2025-06-29 18:41:51] Consulta de estado: completado_recientemente, Procesos activos: False
[2025-06-29 18:42:18] Consulta de estado: completado_recientemente, Procesos activos: False
[2025-06-29 18:43:37] Consulta de estado: completado_recientemente, Procesos activos: False
[2025-06-29 18:44:47] Consulta de estado: completado_recientemente, Procesos activos: False
[2025-06-30 09:03:10] Consulta de estado: completado, Procesos activos: False
[2025-06-30 12:20:33] Consulta de estado: completado, Procesos activos: False
[2025-06-30 12:21:28] Consulta de estado: completado_recientemente, Procesos activos: False
[2025-06-30 12:28:53] Consulta de estado: completado_recientemente, Procesos activos: False
[2025-06-30 12:29:14] Consulta de estado: completado_recientemente, Procesos activos: False
[2025-06-30 12:38:55] Consulta de estado: completado_recientemente, Procesos activos: False
[2025-06-30 12:49:14] Consulta de estado: completado, Procesos activos: False
[2025-06-30 12:50:07] Consulta de estado: completado_recientemente, Procesos activos: False
[2025-06-30 12:55:52] Consulta de estado: completado_recientemente, Procesos activos: False
[2025-06-30 12:58:22] Consulta de estado: completado_recientemente, Procesos activos: False
[2025-06-30 13:10:53] Consulta de estado: completado, Procesos activos: False
[2025-06-30 13:19:28] Consulta de estado: completado_recientemente, Procesos activos: False
[2025-06-30 13:24:34] Consulta de estado: completado_recientemente, Procesos activos: False
[2025-07-01 09:49:30] Consulta de estado: completado, Procesos activos: False
[2025-07-01 10:24:48] Consulta de estado: completado, Procesos activos: False
[2025-07-01 10:25:12] Consulta de estado: completado_recientemente, Procesos activos: False
[2025-07-01 12:13:11] Consulta de estado: completado, Procesos activos: False
[2025-07-01 16:43:47] Consulta de estado: completado, Procesos activos: False
[2025-07-01 16:47:28] Consulta de estado: completado_recientemente, Procesos activos: False
[2025-07-01 17:00:28] Consulta de estado: completado, Procesos activos: False
[2025-07-01 17:13:37] Consulta de estado: completado, Procesos activos: False
[2025-07-01 17:24:47] Consulta de estado: completado, Procesos activos: False
[2025-07-01 17:38:33] Consulta de estado: completado, Procesos activos: False
[2025-07-01 18:09:00] Consulta de estado: completado, Procesos activos: False
[2025-07-01 18:17:47] Consulta de estado: completado_recientemente, Procesos activos: False
[2025-07-01 18:44:57] Consulta de estado: completado, Procesos activos: False
[2025-07-01 18:59:53] Consulta de estado: completado, Procesos activos: False
[2025-07-01 19:19:09] Consulta de estado: completado, Procesos activos: False
[2025-07-01 19:28:19] Consulta de estado: completado_recientemente, Procesos activos: False
[2025-07-01 19:32:42] Consulta de estado: completado_recientemente, Procesos activos: False
[2025-07-01 19:33:31] Consulta de estado: completado_recientemente, Procesos activos: False
[2025-07-01 19:39:44] Consulta de estado: completado_recientemente, Procesos activos: False
[2025-07-01 19:44:24] Consulta de estado: completado_recientemente, Procesos activos: False
[2025-07-01 19:57:13] Consulta de estado: completado, Procesos activos: False
[2025-07-01 20:03:17] Consulta de estado: completado_recientemente, Procesos activos: False
[2025-07-01 20:06:43] Consulta de estado: completado_recientemente, Procesos activos: False
[2025-07-01 20:10:13] Consulta de estado: completado_recientemente, Procesos activos: False
[2025-07-01 21:41:38] Consulta de estado: completado, Procesos activos: False
[2025-07-01 21:56:44] Consulta de estado: completado, Procesos activos: False
[2025-07-01 22:00:01] Consulta de estado: completado_recientemente, Procesos activos: False
[2025-07-01 22:05:12] Consulta de estado: completado_recientemente, Procesos activos: False
[2025-07-01 22:09:14] Consulta de estado: completado_recientemente, Procesos activos: False
[2025-07-01 22:12:58] Consulta de estado: completado_recientemente, Procesos activos: False
[2025-07-01 22:16:10] Consulta de estado: completado_recientemente, Procesos activos: False
[2025-07-01 22:19:23] Consulta de estado: completado_recientemente, Procesos activos: False
[2025-07-01 22:22:25] Consulta de estado: completado_recientemente, Procesos activos: False
[2025-07-01 22:22:49] Consulta de estado: completado_recientemente, Procesos activos: False
[2025-07-01 22:26:27] Consulta de estado: completado_recientemente, Procesos activos: False
[2025-07-01 22:29:48] Consulta de estado: completado_recientemente, Procesos activos: False
[2025-07-01 22:35:25] Consulta de estado: completado_recientemente, Procesos activos: False
[2025-07-01 22:37:22] Consulta de estado: completado_recientemente, Procesos activos: False
[2025-07-01 22:37:44] Consulta de estado: completado_recientemente, Procesos activos: False
[2025-07-01 22:41:16] Consulta de estado: completado_recientemente, Procesos activos: False
[2025-07-01 22:45:25] Consulta de estado: completado_recientemente, Procesos activos: False
[2025-07-01 22:48:55] Consulta de estado: completado_recientemente, Procesos activos: False
[2025-07-01 22:50:37] Consulta de estado: completado_recientemente, Procesos activos: False
[2025-07-01 22:51:05] Consulta de estado: completado_recientemente, Procesos activos: False
[2025-07-01 23:00:52] Consulta de estado: completado_recientemente, Procesos activos: False
[2025-07-01 23:04:02] Consulta de estado: completado_recientemente, Procesos activos: False
[2025-07-01 23:04:32] Consulta de estado: completado_recientemente, Procesos activos: False
[2025-07-01 23:07:04] Consulta de estado: completado_recientemente, Procesos activos: False
[2025-07-01 23:07:39] Consulta de estado: completado_recientemente, Procesos activos: False
[2025-07-01 23:10:06] Consulta de estado: completado_recientemente, Procesos activos: False
[2025-07-01 23:10:27] Consulta de estado: completado_recientemente, Procesos activos: False
[2025-07-01 23:15:00] Consulta de estado: completado_recientemente, Procesos activos: False
[2025-07-01 23:22:13] Consulta de estado: completado_recientemente, Procesos activos: False
[2025-07-01 23:27:32] Consulta de estado: completado_recientemente, Procesos activos: False
[2025-07-01 23:31:55] Consulta de estado: completado_recientemente, Procesos activos: False
[2025-07-01 23:38:48] Consulta de estado: completado_recientemente, Procesos activos: False
[2025-07-01 23:43:38] Consulta de estado: completado_recientemente, Procesos activos: False
[2025-07-01 23:46:34] Consulta de estado: completado_recientemente, Procesos activos: False
[2025-07-02 08:50:31] Consulta de estado: completado, Procesos activos: False
[2025-07-02 09:08:12] Consulta de estado: completado, Procesos activos: False
[2025-07-02 09:22:45] Consulta de estado: completado, Procesos activos: False
[2025-07-02 19:38:50] Consulta de estado: completado, Procesos activos: False
[2025-07-02 19:50:16] Consulta de estado: completado, Procesos activos: False
[2025-07-02 19:58:26] Consulta de estado: completado_recientemente, Procesos activos: False
[2025-07-02 20:00:46] Consulta de estado: completado_recientemente, Procesos activos: False
[2025-07-02 20:03:38] Consulta de estado: completado_recientemente, Procesos activos: False
[2025-07-02 20:04:01] Consulta de estado: completado_recientemente, Procesos activos: False
[2025-07-02 20:09:55] Consulta de estado: completado_recientemente, Procesos activos: False
[2025-07-02 20:13:45] Consulta de estado: completado_recientemente, Procesos activos: False
[2025-07-02 20:14:08] Consulta de estado: completado_recientemente, Procesos activos: False
[2025-07-02 20:15:54] Consulta de estado: completado_recientemente, Procesos activos: False
[2025-07-02 20:16:16] Consulta de estado: completado_recientemente, Procesos activos: False
[2025-07-02 20:18:17] Consulta de estado: completado_recientemente, Procesos activos: False
[2025-07-02 20:18:38] Consulta de estado: completado_recientemente, Procesos activos: False
[2025-07-02 20:24:31] Consulta de estado: completado_recientemente, Procesos activos: False
[2025-07-02 20:26:24] Consulta de estado: completado_recientemente, Procesos activos: False
[2025-07-02 20:26:48] Consulta de estado: completado_recientemente, Procesos activos: False
[2025-07-02 20:28:55] Consulta de estado: completado_recientemente, Procesos activos: False
[2025-07-02 20:29:16] Consulta de estado: completado_recientemente, Procesos activos: False
[2025-07-02 20:31:15] Consulta de estado: completado_recientemente, Procesos activos: False
[2025-07-02 20:36:20] Consulta de estado: completado_recientemente, Procesos activos: False
[2025-07-02 20:38:38] Consulta de estado: completado_recientemente, Procesos activos: False
[2025-07-02 20:43:28] Consulta de estado: completado_recientemente, Procesos activos: False
[2025-07-03 09:02:24] Consulta de estado: completado, Procesos activos: False
[2025-07-03 09:35:24] Consulta de estado: completado, Procesos activos: False
[2025-07-03 09:46:00] Consulta de estado: completado, Procesos activos: False
[2025-07-03 09:46:40] Consulta de estado: completado_recientemente, Procesos activos: False
[2025-07-03 10:13:57] Consulta de estado: completado, Procesos activos: False
[2025-07-03 10:23:19] Consulta de estado: completado_recientemente, Procesos activos: False
[2025-07-03 10:25:53] Consulta de estado: completado_recientemente, Procesos activos: False
[2025-07-03 10:27:53] Consulta de estado: completado_recientemente, Procesos activos: False
[2025-07-03 10:36:04] Consulta de estado: completado_recientemente, Procesos activos: False
[2025-07-03 10:38:36] Consulta de estado: completado_recientemente, Procesos activos: False
[2025-07-03 10:42:56] Consulta de estado: completado_recientemente, Procesos activos: False
[2025-07-03 11:02:47] Consulta de estado: completado, Procesos activos: False
[2025-07-03 11:18:08] Consulta de estado: completado, Procesos activos: False
[2025-07-03 11:22:42] Consulta de estado: completado_recientemente, Procesos activos: False
[2025-07-03 11:33:49] Consulta de estado: completado, Procesos activos: False
[2025-07-03 12:03:05] Consulta de estado: completado, Procesos activos: False
[2025-07-03 13:18:43] Consulta de estado: completado, Procesos activos: False
[2025-07-03 13:19:12] Consulta de estado: completado_recientemente, Procesos activos: False
[2025-07-03 13:31:48] Consulta de estado: completado, Procesos activos: False
[2025-07-03 13:43:28] Consulta de estado: completado, Procesos activos: False
[2025-07-03 13:49:21] Consulta de estado: completado_recientemente, Procesos activos: False
[2025-07-03 13:49:46] Consulta de estado: completado_recientemente, Procesos activos: False
[2025-07-03 13:55:57] Consulta de estado: completado_recientemente, Procesos activos: False
[2025-07-03 14:16:47] Consulta de estado: completado, Procesos activos: False
[2025-07-03 14:23:18] Consulta de estado: completado_recientemente, Procesos activos: False
[2025-07-03 14:23:42] Consulta de estado: completado_recientemente, Procesos activos: False
[2025-07-03 16:48:55] Consulta de estado: completado, Procesos activos: False
[2025-07-03 16:49:20] Consulta de estado: completado_recientemente, Procesos activos: False
[2025-07-03 17:03:23] Consulta de estado: completado, Procesos activos: False
[2025-07-03 17:10:10] Consulta de estado: completado_recientemente, Procesos activos: False
[2025-07-03 17:11:37] Consulta de estado: completado_recientemente, Procesos activos: False
[2025-07-03 19:13:21] Consulta de estado: completado, Procesos activos: False
[2025-07-03 19:22:24] Consulta de estado: completado_recientemente, Procesos activos: False
[2025-07-03 19:40:12] Consulta de estado: completado, Procesos activos: False
[2025-07-03 19:45:56] Consulta de estado: completado_recientemente, Procesos activos: False
[2025-07-03 19:46:24] Consulta de estado: completado_recientemente, Procesos activos: False
[2025-07-03 20:02:04] Consulta de estado: completado, Procesos activos: False
[2025-07-04 09:35:36] Consulta de estado: completado, Procesos activos: False
[2025-07-04 10:16:53] Consulta de estado: completado, Procesos activos: False
[2025-07-04 10:38:36] Consulta de estado: completado, Procesos activos: False
[2025-07-04 10:42:53] Consulta de estado: completado_recientemente, Procesos activos: False
[2025-07-04 10:43:22] Consulta de estado: completado_recientemente, Procesos activos: False
[2025-07-04 10:46:27] Consulta de estado: completado_recientemente, Procesos activos: False
[2025-07-04 11:17:56] Consulta de estado: completado, Procesos activos: False
[2025-07-04 11:42:34] Consulta de estado: completado, Procesos activos: False
[2025-07-04 11:59:30] Consulta de estado: completado, Procesos activos: False
[2025-07-04 12:02:43] Consulta de estado: completado_recientemente, Procesos activos: False
[2025-07-04 12:06:38] Consulta de estado: completado_recientemente, Procesos activos: False
[2025-07-04 12:11:07] Consulta de estado: completado_recientemente, Procesos activos: False
[2025-07-04 12:16:47] Consulta de estado: completado_recientemente, Procesos activos: False
[2025-07-04 13:01:25] Consulta de estado: completado, Procesos activos: False
[2025-07-04 13:03:55] Consulta de estado: completado_recientemente, Procesos activos: False
[2025-07-04 13:04:16] Consulta de estado: completado_recientemente, Procesos activos: False
[2025-07-04 13:07:39] Consulta de estado: completado_recientemente, Procesos activos: False
[2025-07-04 13:10:04] Consulta de estado: completado_recientemente, Procesos activos: False
[2025-07-04 14:18:39] Consulta de estado: completado, Procesos activos: False
[2025-07-04 14:28:47] Consulta de estado: completado, Procesos activos: False
[2025-07-04 14:28:56] Consulta de estado: completado_recientemente, Procesos activos: False
[2025-07-04 14:29:14] Consulta de estado: completado_recientemente, Procesos activos: False
[2025-07-04 14:29:24] Consulta de estado: completado_recientemente, Procesos activos: False
[2025-07-04 14:30:59] Consulta de estado: completado_recientemente, Procesos activos: False
[2025-07-04 14:39:55] Consulta de estado: completado_recientemente, Procesos activos: False
[2025-07-04 16:37:57] Consulta de estado: completado, Procesos activos: False
[2025-07-04 17:05:12] Consulta de estado: completado, Procesos activos: False
[2025-07-04 17:05:24] Consulta de estado: completado_recientemente, Procesos activos: False
[2025-07-04 17:06:18] Consulta de estado: completado_recientemente, Procesos activos: False
[2025-07-04 17:18:31] Consulta de estado: completado, Procesos activos: False
[2025-07-04 17:56:55] Consulta de estado: completado, Procesos activos: False
[2025-07-04 18:02:04] Consulta de estado: completado_recientemente, Procesos activos: False
[2025-07-04 18:07:39] Consulta de estado: completado_recientemente, Procesos activos: False
[2025-07-04 18:12:20] Consulta de estado: completado_recientemente, Procesos activos: False
[2025-07-04 18:23:20] Consulta de estado: completado, Procesos activos: False
[2025-07-04 18:46:03] Consulta de estado: completado, Procesos activos: False
[2025-07-04 19:06:16] Consulta de estado: completado, Procesos activos: False
[2025-07-04 19:15:10] Consulta de estado: completado_recientemente, Procesos activos: False
[2025-07-04 19:20:04] Consulta de estado: completado_recientemente, Procesos activos: False
[2025-07-04 19:44:12] Consulta de estado: completado, Procesos activos: False
[2025-07-04 19:50:14] Consulta de estado: completado_recientemente, Procesos activos: False
[2025-07-04 19:52:12] Consulta de estado: completado_recientemente, Procesos activos: False
[2025-07-04 19:54:14] Consulta de estado: completado_recientemente, Procesos activos: False
[2025-07-04 19:58:01] Consulta de estado: completado_recientemente, Procesos activos: False
[2025-07-04 20:01:54] Consulta de estado: completado_recientemente, Procesos activos: False
[2025-07-06 10:39:54] Consulta de estado: completado, Procesos activos: False
[2025-07-06 10:50:33] Consulta de estado: completado, Procesos activos: False
[2025-07-06 11:04:25] Consulta de estado: completado, Procesos activos: False
[2025-07-06 11:07:20] Consulta de estado: completado_recientemente, Procesos activos: False
[2025-07-06 12:38:16] Consulta de estado: completado, Procesos activos: False
[2025-07-06 13:24:37] Consulta de estado: completado, Procesos activos: False
[2025-07-06 13:25:27] Consulta de estado: completado_recientemente, Procesos activos: False
[2025-07-06 13:25:32] Consulta de estado: completado_recientemente, Procesos activos: False
[2025-07-06 13:25:37] Consulta de estado: completado_recientemente, Procesos activos: False
[2025-07-06 13:25:37] Intentando ejecutar script de scraping con xvfb-run
[2025-07-06 13:25:37] Iniciando proceso de scraping bancario
[2025-07-06 13:25:42] Consulta de estado: completado_recientemente, Procesos activos: False
[2025-07-06 13:25:45] Consulta de estado: completado_recientemente, Procesos activos: False
[2025-07-06 13:27:55] Consulta de estado: completado_recientemente, Procesos activos: False
[2025-07-06 13:27:59] Consulta de estado: completado_recientemente, Procesos activos: False
[2025-07-06 13:27:59] Intentando ejecutar script de scraping con xvfb-run
[2025-07-06 13:27:59] Iniciando proceso de scraping bancario
[2025-07-06 13:28:04] Consulta de estado: completado_recientemente, Procesos activos: False
[2025-07-06 13:28:06] Consulta de estado: completado_recientemente, Procesos activos: False
[2025-07-06 13:45:45] Consulta de estado: completado, Procesos activos: False
[2025-07-06 13:45:54] Consulta de estado: completado_recientemente, Procesos activos: False
[2025-07-06 13:45:54] Intentando ejecutar script de scraping con xvfb-run
[2025-07-06 13:45:54] Iniciando proceso de scraping bancario
[2025-07-06 13:45:59] Consulta de estado: completado_recientemente, Procesos activos: False
[2025-07-06 13:46:01] Consulta de estado: completado_recientemente, Procesos activos: False
[2025-07-06 13:50:47] Consulta de estado: completado_recientemente, Procesos activos: False
[2025-07-06 13:51:10] Consulta de estado: completado_recientemente, Procesos activos: False
[2025-07-06 13:52:36] Consulta de estado: completado_recientemente, Procesos activos: False
[2025-07-06 14:00:39] Consulta de estado: completado_recientemente, Procesos activos: False
[2025-07-06 14:00:42] Consulta de estado: completado_recientemente, Procesos activos: False
[2025-07-06 14:00:42] Intentando ejecutar script de scraping con xvfb-run
[2025-07-06 14:00:42] Iniciando proceso de scraping bancario
[2025-07-06 14:00:47] Consulta de estado: en_ejecucion, Procesos activos: True
[2025-07-06 14:00:52] Consulta de estado: en_ejecucion, Procesos activos: True
[2025-07-06 14:00:57] Consulta de estado: en_ejecucion, Procesos activos: True
[2025-07-06 14:01:02] Consulta de estado: en_ejecucion, Procesos activos: True
[2025-07-06 14:01:07] Consulta de estado: en_ejecucion, Procesos activos: True
[2025-07-06 14:01:12] Consulta de estado: en_ejecucion, Procesos activos: True
[2025-07-06 14:01:17] Consulta de estado: en_ejecucion, Procesos activos: True
[2025-07-06 14:01:22] Consulta de estado: en_ejecucion, Procesos activos: True
[2025-07-06 14:01:27] Consulta de estado: completado_recientemente, Procesos activos: False
[2025-07-06 14:01:29] Consulta de estado: completado_recientemente, Procesos activos: False
[2025-07-06 14:08:54] Consulta de estado: completado_recientemente, Procesos activos: False
[2025-07-06 14:08:57] Consulta de estado: completado_recientemente, Procesos activos: False
[2025-07-06 14:08:57] Intentando ejecutar script de scraping con xvfb-run
[2025-07-06 14:08:57] Iniciando proceso de scraping bancario
[2025-07-06 14:09:02] Consulta de estado: en_ejecucion, Procesos activos: True
[2025-07-06 14:09:07] Consulta de estado: en_ejecucion, Procesos activos: True
[2025-07-06 14:09:12] Consulta de estado: completado_recientemente, Procesos activos: False
[2025-07-06 14:09:14] Consulta de estado: completado_recientemente, Procesos activos: False
[2025-07-06 14:12:40] Consulta de estado: completado_recientemente, Procesos activos: False
[2025-07-06 14:19:04] Consulta de estado: completado_recientemente, Procesos activos: False
[2025-07-06 14:19:11] Consulta de estado: completado_recientemente, Procesos activos: False
[2025-07-06 14:19:11] Intentando ejecutar script de scraping con xvfb-run
[2025-07-06 14:19:11] Iniciando proceso de scraping bancario
[2025-07-06 14:19:16] Consulta de estado: en_ejecucion, Procesos activos: True
[2025-07-06 14:19:21] Consulta de estado: en_ejecucion, Procesos activos: True
[2025-07-06 14:19:26] Consulta de estado: en_ejecucion, Procesos activos: True
[2025-07-06 14:19:31] Consulta de estado: en_ejecucion, Procesos activos: True
[2025-07-06 14:19:36] Consulta de estado: en_ejecucion, Procesos activos: True
[2025-07-06 14:19:41] Consulta de estado: completado_recientemente, Procesos activos: False
[2025-07-06 14:19:43] Consulta de estado: completado_recientemente, Procesos activos: False
[2025-07-07 09:43:31] Consulta de estado: completado, Procesos activos: False
[2025-07-07 10:22:04] Consulta de estado: completado, Procesos activos: False
[2025-07-07 10:45:30] Consulta de estado: completado, Procesos activos: False
[2025-07-07 10:46:03] Consulta de estado: completado_recientemente, Procesos activos: False
[2025-07-07 10:46:43] Consulta de estado: completado_recientemente, Procesos activos: False
[2025-07-07 13:42:26] Consulta de estado: completado, Procesos activos: False
[2025-07-07 13:58:08] Consulta de estado: completado, Procesos activos: False
[2025-07-07 17:02:31] Consulta de estado: completado, Procesos activos: False
[2025-07-07 17:12:43] Consulta de estado: completado, Procesos activos: False
[2025-07-07 17:14:54] Consulta de estado: completado_recientemente, Procesos activos: False
[2025-07-07 17:22:02] Consulta de estado: completado_recientemente, Procesos activos: False
[2025-07-07 17:22:44] Consulta de estado: completado_recientemente, Procesos activos: False
[2025-07-07 17:40:19] Consulta de estado: completado, Procesos activos: False
[2025-07-07 17:42:39] Consulta de estado: completado_recientemente, Procesos activos: False
[2025-07-07 17:42:52] Consulta de estado: completado_recientemente, Procesos activos: False
[2025-07-07 17:49:36] Consulta de estado: completado_recientemente, Procesos activos: False
[2025-07-07 17:49:52] Consulta de estado: completado_recientemente, Procesos activos: False
[2025-07-07 17:54:43] Consulta de estado: completado_recientemente, Procesos activos: False
[2025-07-07 17:54:43] Intentando ejecutar script de scraping con xvfb-run
[2025-07-07 17:54:43] Iniciando proceso de scraping bancario
[2025-07-07 17:54:48] Consulta de estado: en_ejecucion, Procesos activos: True
[2025-07-07 17:54:53] Consulta de estado: en_ejecucion, Procesos activos: True
[2025-07-07 17:54:58] Consulta de estado: en_ejecucion, Procesos activos: True
[2025-07-07 17:55:03] Consulta de estado: en_ejecucion, Procesos activos: True
[2025-07-07 17:55:08] Consulta de estado: en_ejecucion, Procesos activos: True
[2025-07-07 17:55:13] Consulta de estado: en_ejecucion, Procesos activos: True
[2025-07-07 17:55:18] Consulta de estado: completado_recientemente, Procesos activos: False
[2025-07-07 17:55:20] Consulta de estado: completado_recientemente, Procesos activos: False
[2025-07-07 17:57:40] Consulta de estado: completado_recientemente, Procesos activos: False
[2025-07-07 19:35:29] Consulta de estado: completado, Procesos activos: False
[2025-07-08 09:06:32] Consulta de estado: completado, Procesos activos: False
[2025-07-08 09:20:29] Consulta de estado: completado, Procesos activos: False
[2025-07-08 09:24:02] Consulta de estado: completado_recientemente, Procesos activos: False
[2025-07-08 09:43:12] Consulta de estado: completado, Procesos activos: False
[2025-07-08 09:49:01] Consulta de estado: completado_recientemente, Procesos activos: False
[2025-07-08 10:02:42] Consulta de estado: completado, Procesos activos: False
[2025-07-08 10:06:44] Consulta de estado: completado_recientemente, Procesos activos: False
[2025-07-08 10:07:08] Consulta de estado: completado_recientemente, Procesos activos: False
[2025-07-08 10:18:39] Consulta de estado: completado, Procesos activos: False
[2025-07-08 11:53:49] Consulta de estado: completado, Procesos activos: False
[2025-07-08 11:58:47] Consulta de estado: completado_recientemente, Procesos activos: False
[2025-07-08 11:59:50] Consulta de estado: completado_recientemente, Procesos activos: False
[2025-07-08 12:03:45] Consulta de estado: completado_recientemente, Procesos activos: False
[2025-07-08 12:03:56] Consulta de estado: completado_recientemente, Procesos activos: False
[2025-07-08 12:14:49] Consulta de estado: completado, Procesos activos: False
[2025-07-08 12:23:15] Consulta de estado: completado_recientemente, Procesos activos: False
[2025-07-08 12:33:10] Consulta de estado: completado_recientemente, Procesos activos: False
[2025-07-08 13:02:07] Consulta de estado: completado, Procesos activos: False
[2025-07-08 13:04:20] Consulta de estado: completado_recientemente, Procesos activos: False
[2025-07-08 13:19:01] Consulta de estado: completado, Procesos activos: False
[2025-07-08 13:32:02] Consulta de estado: completado, Procesos activos: False
[2025-07-08 13:35:54] Consulta de estado: completado_recientemente, Procesos activos: False
[2025-07-08 14:03:41] Consulta de estado: completado, Procesos activos: False
[2025-07-08 14:04:02] Consulta de estado: completado_recientemente, Procesos activos: False
[2025-07-08 14:07:14] Consulta de estado: completado_recientemente, Procesos activos: False
[2025-07-08 14:27:40] Consulta de estado: completado, Procesos activos: False
[2025-07-08 14:50:15] Consulta de estado: completado, Procesos activos: False
[2025-07-08 14:54:38] Consulta de estado: completado_recientemente, Procesos activos: False
[2025-07-08 15:08:19] Consulta de estado: completado, Procesos activos: False
[2025-07-08 15:10:05] Consulta de estado: completado_recientemente, Procesos activos: False
[2025-07-08 15:11:01] Consulta de estado: completado_recientemente, Procesos activos: False
[2025-07-08 20:18:35] Consulta de estado: completado, Procesos activos: False
[2025-07-08 21:50:37] Consulta de estado: completado, Procesos activos: False
[2025-07-08 21:55:03] Consulta de estado: completado_recientemente, Procesos activos: False
[2025-07-08 21:55:28] Consulta de estado: completado_recientemente, Procesos activos: False
[2025-07-08 21:56:24] Consulta de estado: completado_recientemente, Procesos activos: False
[2025-07-08 22:03:37] Consulta de estado: completado_recientemente, Procesos activos: False
[2025-07-08 22:07:58] Consulta de estado: completado_recientemente, Procesos activos: False
[2025-07-08 22:08:23] Consulta de estado: completado_recientemente, Procesos activos: False
[2025-07-08 22:14:18] Consulta de estado: completado_recientemente, Procesos activos: False
[2025-07-08 22:14:28] Consulta de estado: completado_recientemente, Procesos activos: False
[2025-07-08 22:18:17] Consulta de estado: completado_recientemente, Procesos activos: False
[2025-07-08 22:20:39] Consulta de estado: completado_recientemente, Procesos activos: False
[2025-07-09 10:02:28] Consulta de estado: completado, Procesos activos: False
[2025-07-09 10:22:24] Consulta de estado: completado, Procesos activos: False
[2025-07-09 10:25:17] Consulta de estado: completado_recientemente, Procesos activos: False
[2025-07-09 10:27:57] Consulta de estado: completado_recientemente, Procesos activos: False
[2025-07-09 10:29:30] Consulta de estado: completado_recientemente, Procesos activos: False
[2025-07-09 10:50:46] Consulta de estado: completado, Procesos activos: False
[2025-07-09 10:55:11] Consulta de estado: completado_recientemente, Procesos activos: False
[2025-07-09 11:42:16] Consulta de estado: completado, Procesos activos: False
[2025-07-09 12:16:54] Consulta de estado: completado, Procesos activos: False
[2025-07-09 12:21:41] Consulta de estado: completado_recientemente, Procesos activos: False
[2025-07-09 17:06:26] Consulta de estado: completado, Procesos activos: False
[2025-07-09 17:07:09] Consulta de estado: completado_recientemente, Procesos activos: False
[2025-07-10 08:57:59] Consulta de estado: completado, Procesos activos: False
[2025-07-10 09:00:07] Consulta de estado: completado_recientemente, Procesos activos: False
[2025-07-10 09:00:27] Consulta de estado: completado_recientemente, Procesos activos: False
[2025-07-10 11:25:46] Consulta de estado: completado, Procesos activos: False
[2025-07-10 12:29:36] Consulta de estado: completado, Procesos activos: False
[2025-07-10 12:31:14] Consulta de estado: completado_recientemente, Procesos activos: False
[2025-07-10 12:33:02] Consulta de estado: completado_recientemente, Procesos activos: False
[2025-07-10 12:37:47] Consulta de estado: completado_recientemente, Procesos activos: False
[2025-07-10 12:40:45] Consulta de estado: completado_recientemente, Procesos activos: False
[2025-07-10 12:41:07] Consulta de estado: completado_recientemente, Procesos activos: False
[2025-07-10 12:50:56] Consulta de estado: completado_recientemente, Procesos activos: False
[2025-07-10 12:51:43] Consulta de estado: completado_recientemente, Procesos activos: False
[2025-07-10 12:55:42] Consulta de estado: completado_recientemente, Procesos activos: False
[2025-07-10 13:42:48] Consulta de estado: completado, Procesos activos: False
[2025-07-10 14:13:40] Consulta de estado: completado, Procesos activos: False
[2025-07-10 14:16:15] Consulta de estado: completado_recientemente, Procesos activos: False
[2025-07-10 14:21:06] Consulta de estado: completado_recientemente, Procesos activos: False
[2025-07-10 14:21:23] Consulta de estado: completado_recientemente, Procesos activos: False
[2025-07-10 14:23:28] Consulta de estado: completado_recientemente, Procesos activos: False
[2025-07-10 14:26:45] Consulta de estado: completado_recientemente, Procesos activos: False
[2025-07-10 15:51:02] Consulta de estado: completado, Procesos activos: False
[2025-07-10 15:51:30] Consulta de estado: completado_recientemente, Procesos activos: False
[2025-07-10 16:01:23] Consulta de estado: completado_recientemente, Procesos activos: False
[2025-07-10 16:01:42] Consulta de estado: completado_recientemente, Procesos activos: False
[2025-07-10 16:36:00] Consulta de estado: completado, Procesos activos: False
[2025-07-10 16:52:19] Consulta de estado: completado, Procesos activos: False
[2025-07-10 16:58:05] Consulta de estado: completado_recientemente, Procesos activos: False
[2025-07-10 17:03:19] Consulta de estado: completado_recientemente, Procesos activos: False
[2025-07-10 17:08:26] Consulta de estado: completado_recientemente, Procesos activos: False
[2025-07-10 17:08:48] Consulta de estado: completado_recientemente, Procesos activos: False
[2025-07-10 17:13:17] Consulta de estado: completado_recientemente, Procesos activos: False
[2025-07-10 18:17:33] Consulta de estado: completado, Procesos activos: False
[2025-07-10 18:22:36] Consulta de estado: completado_recientemente, Procesos activos: False
[2025-07-10 18:27:41] Consulta de estado: completado_recientemente, Procesos activos: False
[2025-07-10 18:30:42] Consulta de estado: completado_recientemente, Procesos activos: False
[2025-07-10 18:31:04] Consulta de estado: completado_recientemente, Procesos activos: False
[2025-07-10 18:33:09] Consulta de estado: completado_recientemente, Procesos activos: False
[2025-07-10 18:46:56] Consulta de estado: completado, Procesos activos: False
[2025-07-10 19:07:27] Consulta de estado: completado, Procesos activos: False
[2025-07-10 19:14:49] Consulta de estado: completado_recientemente, Procesos activos: False
[2025-07-10 19:16:03] Consulta de estado: completado_recientemente, Procesos activos: False
[2025-07-10 19:19:54] Consulta de estado: completado_recientemente, Procesos activos: False
[2025-07-10 19:22:29] Consulta de estado: completado_recientemente, Procesos activos: False
[2025-07-10 19:36:13] Consulta de estado: completado, Procesos activos: False
[2025-07-10 19:39:45] Consulta de estado: completado_recientemente, Procesos activos: False
[2025-07-10 19:41:53] Consulta de estado: completado_recientemente, Procesos activos: False
[2025-07-10 19:43:10] Consulta de estado: completado_recientemente, Procesos activos: False
[2025-07-10 19:45:11] Consulta de estado: completado_recientemente, Procesos activos: False
[2025-07-10 19:48:38] Consulta de estado: completado_recientemente, Procesos activos: False
[2025-07-10 19:54:37] Consulta de estado: completado_recientemente, Procesos activos: False
[2025-07-10 20:08:38] Consulta de estado: completado, Procesos activos: False
[2025-07-10 20:08:54] Consulta de estado: completado_recientemente, Procesos activos: False
[2025-07-10 20:08:54] Intentando ejecutar script de scraping con xvfb-run
[2025-07-10 20:08:54] Iniciando proceso de scraping bancario
[2025-07-10 20:08:59] Consulta de estado: completado_recientemente, Procesos activos: False
[2025-07-10 20:09:02] Consulta de estado: completado_recientemente, Procesos activos: False
[2025-07-10 20:09:11] Consulta de estado: completado_recientemente, Procesos activos: False
[2025-07-10 20:09:11] Intentando ejecutar script de scraping con xvfb-run
[2025-07-10 20:09:11] Iniciando proceso de scraping bancario
[2025-07-10 20:09:16] Consulta de estado: completado_recientemente, Procesos activos: False
[2025-07-10 20:09:18] Consulta de estado: completado_recientemente, Procesos activos: False
[2025-07-10 20:10:34] Consulta de estado: completado_recientemente, Procesos activos: False
[2025-07-10 20:12:20] Consulta de estado: completado_recientemente, Procesos activos: False
[2025-07-10 20:12:23] Consulta de estado: completado_recientemente, Procesos activos: False
[2025-07-10 20:12:23] Intentando ejecutar script de scraping con xvfb-run
[2025-07-10 20:12:23] Iniciando proceso de scraping bancario
[2025-07-10 20:12:28] Consulta de estado: completado_recientemente, Procesos activos: False
[2025-07-10 20:12:31] Consulta de estado: completado_recientemente, Procesos activos: False
[2025-07-10 20:18:09] Consulta de estado: completado_recientemente, Procesos activos: False
[2025-07-10 20:18:17] Consulta de estado: completado_recientemente, Procesos activos: False
[2025-07-10 20:18:17] Intentando ejecutar script de scraping con xvfb-run
[2025-07-10 20:18:17] Iniciando proceso de scraping bancario
[2025-07-10 20:18:22] Consulta de estado: completado_recientemente, Procesos activos: False
[2025-07-10 20:18:24] Consulta de estado: completado_recientemente, Procesos activos: False
[2025-07-10 20:18:35] Consulta de estado: completado_recientemente, Procesos activos: False
[2025-07-10 21:51:49] Consulta de estado: completado, Procesos activos: False
[2025-07-10 21:52:06] Consulta de estado: completado_recientemente, Procesos activos: False
[2025-07-10 21:52:11] Consulta de estado: completado_recientemente, Procesos activos: False
[2025-07-10 21:52:11] Intentando ejecutar script de scraping con xvfb-run
[2025-07-10 21:52:11] Iniciando proceso de scraping bancario
[2025-07-10 21:52:16] Consulta de estado: completado_recientemente, Procesos activos: False
[2025-07-10 21:52:18] Consulta de estado: completado_recientemente, Procesos activos: False
[2025-07-10 21:53:17] Consulta de estado: completado_recientemente, Procesos activos: False
[2025-07-10 21:53:20] Consulta de estado: completado_recientemente, Procesos activos: False
[2025-07-10 21:53:20] Intentando ejecutar script de scraping con xvfb-run
[2025-07-10 21:53:20] Iniciando proceso de scraping bancario
[2025-07-10 21:53:25] Consulta de estado: completado_recientemente, Procesos activos: False
[2025-07-10 21:53:28] Consulta de estado: completado_recientemente, Procesos activos: False
[2025-07-10 21:54:00] Consulta de estado: completado_recientemente, Procesos activos: False
[2025-07-10 21:54:00] Intentando ejecutar script de scraping con xvfb-run
[2025-07-10 21:54:00] Iniciando proceso de scraping bancario
[2025-07-10 21:54:05] Consulta de estado: completado_recientemente, Procesos activos: False
[2025-07-10 21:54:07] Consulta de estado: completado_recientemente, Procesos activos: False
[2025-07-10 21:58:37] Consulta de estado: completado_recientemente, Procesos activos: False
[2025-07-10 21:58:42] Consulta de estado: completado_recientemente, Procesos activos: False
[2025-07-10 21:58:42] Intentando ejecutar script de scraping con xvfb-run
[2025-07-10 21:58:42] Iniciando proceso de scraping bancario
[2025-07-10 21:58:47] Consulta de estado: completado_recientemente, Procesos activos: False
[2025-07-10 21:58:49] Consulta de estado: completado_recientemente, Procesos activos: False
[2025-07-10 22:02:51] Consulta de estado: completado_recientemente, Procesos activos: False
[2025-07-10 22:02:58] Consulta de estado: completado_recientemente, Procesos activos: False
[2025-07-10 22:05:42] Consulta de estado: completado_recientemente, Procesos activos: False
[2025-07-10 22:05:58] Consulta de estado: completado_recientemente, Procesos activos: False
[2025-07-10 22:06:50] Consulta de estado: completado_recientemente, Procesos activos: False
[2025-07-10 22:06:52] Consulta de estado: completado_recientemente, Procesos activos: False
[2025-07-10 22:06:52] Intentando ejecutar script de scraping con xvfb-run
[2025-07-10 22:06:52] Iniciando proceso de scraping bancario
[2025-07-10 22:06:58] Consulta de estado: completado_recientemente, Procesos activos: False
[2025-07-10 22:07:00] Consulta de estado: completado_recientemente, Procesos activos: False
[2025-07-10 22:10:28] Consulta de estado: completado_recientemente, Procesos activos: False
[2025-07-10 22:10:35] Consulta de estado: completado_recientemente, Procesos activos: False
[2025-07-10 22:10:35] Intentando ejecutar script de scraping con xvfb-run
[2025-07-10 22:10:35] Iniciando proceso de scraping bancario
[2025-07-10 22:10:40] Consulta de estado: completado_recientemente, Procesos activos: False
[2025-07-10 22:10:42] Consulta de estado: completado_recientemente, Procesos activos: False
[2025-07-10 22:12:10] Consulta de estado: completado_recientemente, Procesos activos: False
[2025-07-10 22:12:17] Consulta de estado: completado_recientemente, Procesos activos: False
[2025-07-10 22:12:26] Consulta de estado: completado_recientemente, Procesos activos: False
[2025-07-10 22:12:26] Intentando ejecutar script de scraping con xvfb-run
[2025-07-10 22:12:26] Iniciando proceso de scraping bancario
[2025-07-10 22:12:31] Consulta de estado: completado_recientemente, Procesos activos: False
[2025-07-10 22:12:33] Consulta de estado: completado_recientemente, Procesos activos: False
[2025-07-11 08:58:41] Consulta de estado: completado, Procesos activos: False
[2025-07-11 08:58:46] Consulta de estado: completado_recientemente, Procesos activos: False
[2025-07-11 08:58:46] Intentando ejecutar script de scraping con xvfb-run
[2025-07-11 08:58:46] Iniciando proceso de scraping bancario
[2025-07-11 08:58:51] Consulta de estado: completado_recientemente, Procesos activos: False
[2025-07-11 08:58:53] Consulta de estado: completado_recientemente, Procesos activos: False
[2025-07-11 09:07:45] Consulta de estado: completado_recientemente, Procesos activos: False
[2025-07-11 09:24:05] Consulta de estado: completado, Procesos activos: False
[2025-07-11 09:32:18] Consulta de estado: completado_recientemente, Procesos activos: False
[2025-07-11 09:32:43] Consulta de estado: completado_recientemente, Procesos activos: False
[2025-07-11 09:48:50] Consulta de estado: completado, Procesos activos: False
[2025-07-11 09:52:41] Consulta de estado: completado_recientemente, Procesos activos: False
[2025-07-11 09:54:36] Consulta de estado: completado_recientemente, Procesos activos: False
[2025-07-11 09:55:30] Consulta de estado: completado_recientemente, Procesos activos: False
[2025-07-11 09:56:55] Consulta de estado: completado_recientemente, Procesos activos: False
[2025-07-11 09:59:04] Consulta de estado: completado_recientemente, Procesos activos: False
[2025-07-11 10:02:13] Consulta de estado: completado_recientemente, Procesos activos: False
[2025-07-11 10:03:21] Consulta de estado: completado_recientemente, Procesos activos: False
[2025-07-11 10:04:48] Consulta de estado: completado_recientemente, Procesos activos: False
[2025-07-11 10:07:36] Consulta de estado: completado_recientemente, Procesos activos: False
[2025-07-11 10:10:45] Consulta de estado: completado_recientemente, Procesos activos: False
[2025-07-11 10:14:31] Consulta de estado: completado_recientemente, Procesos activos: False
[2025-07-11 10:15:12] Consulta de estado: completado_recientemente, Procesos activos: False
[2025-07-11 10:20:30] Consulta de estado: completado_recientemente, Procesos activos: False
[2025-07-11 10:22:28] Consulta de estado: completado_recientemente, Procesos activos: False
[2025-07-11 10:23:49] Consulta de estado: completado_recientemente, Procesos activos: False
[2025-07-11 10:25:06] Consulta de estado: completado_recientemente, Procesos activos: False
[2025-07-11 10:34:32] Consulta de estado: completado_recientemente, Procesos activos: False
[2025-07-11 10:34:40] Consulta de estado: completado_recientemente, Procesos activos: False
[2025-07-11 10:34:40] Intentando ejecutar script de scraping con xvfb-run
[2025-07-11 10:34:40] Iniciando proceso de scraping bancario
[2025-07-11 10:34:45] Consulta de estado: en_ejecucion, Procesos activos: True
[2025-07-11 10:34:50] Consulta de estado: en_ejecucion, Procesos activos: True
[2025-07-11 10:34:55] Consulta de estado: en_ejecucion, Procesos activos: True
[2025-07-11 10:35:00] Consulta de estado: en_ejecucion, Procesos activos: True
[2025-07-11 10:35:05] Consulta de estado: en_ejecucion, Procesos activos: True
[2025-07-11 10:35:10] Consulta de estado: en_ejecucion, Procesos activos: True
[2025-07-11 10:35:15] Consulta de estado: completado_recientemente, Procesos activos: False
[2025-07-11 10:35:17] Consulta de estado: completado_recientemente, Procesos activos: False
[2025-07-11 10:57:54] Consulta de estado: completado, Procesos activos: False
[2025-07-11 10:58:10] Consulta de estado: completado_recientemente, Procesos activos: False
[2025-07-11 10:58:10] Intentando ejecutar script de scraping con xvfb-run
[2025-07-11 10:58:10] Iniciando proceso de scraping bancario
[2025-07-11 10:58:15] Consulta de estado: en_ejecucion, Procesos activos: True
[2025-07-11 10:58:20] Consulta de estado: en_ejecucion, Procesos activos: True
[2025-07-11 10:58:25] Consulta de estado: en_ejecucion, Procesos activos: True
[2025-07-11 10:58:30] Consulta de estado: en_ejecucion, Procesos activos: True
[2025-07-11 10:58:35] Consulta de estado: en_ejecucion, Procesos activos: True
[2025-07-11 10:58:40] Consulta de estado: en_ejecucion, Procesos activos: True
[2025-07-11 10:58:45] Consulta de estado: completado_recientemente, Procesos activos: False
[2025-07-11 10:58:47] Consulta de estado: completado_recientemente, Procesos activos: False
[2025-07-11 10:59:23] Consulta de estado: completado_recientemente, Procesos activos: False
[2025-07-11 11:11:01] Consulta de estado: completado, Procesos activos: False
[2025-07-11 11:11:13] Consulta de estado: completado_recientemente, Procesos activos: False
[2025-07-11 11:11:13] Intentando ejecutar script de scraping con xvfb-run
[2025-07-11 11:11:13] Iniciando proceso de scraping bancario
[2025-07-11 11:11:18] Consulta de estado: en_ejecucion, Procesos activos: True
[2025-07-11 11:11:23] Consulta de estado: en_ejecucion, Procesos activos: True
[2025-07-11 11:11:28] Consulta de estado: completado_recientemente, Procesos activos: False
[2025-07-11 11:11:30] Consulta de estado: completado_recientemente, Procesos activos: False
[2025-07-11 11:23:30] Consulta de estado: completado, Procesos activos: False
[2025-07-11 11:23:38] Consulta de estado: completado_recientemente, Procesos activos: False
[2025-07-11 11:23:38] Intentando ejecutar script de scraping con xvfb-run
[2025-07-11 11:23:38] Iniciando proceso de scraping bancario
[2025-07-11 11:23:43] Consulta de estado: en_ejecucion, Procesos activos: True
[2025-07-11 11:23:48] Consulta de estado: en_ejecucion, Procesos activos: True
[2025-07-11 11:23:53] Consulta de estado: en_ejecucion, Procesos activos: True
[2025-07-11 11:23:58] Consulta de estado: en_ejecucion, Procesos activos: True
[2025-07-11 11:24:03] Consulta de estado: en_ejecucion, Procesos activos: True
[2025-07-11 11:24:08] Consulta de estado: en_ejecucion, Procesos activos: True
[2025-07-11 11:24:13] Consulta de estado: en_ejecucion, Procesos activos: True
[2025-07-11 11:24:18] Consulta de estado: en_ejecucion, Procesos activos: True
[2025-07-11 11:24:23] Consulta de estado: completado_recientemente, Procesos activos: False
[2025-07-11 11:24:25] Consulta de estado: completado_recientemente, Procesos activos: False
[2025-07-11 11:54:09] Consulta de estado: completado, Procesos activos: False
[2025-07-11 11:54:29] Consulta de estado: completado_recientemente, Procesos activos: False
[2025-07-11 11:54:32] Consulta de estado: completado_recientemente, Procesos activos: False
[2025-07-11 11:54:32] Intentando ejecutar script de scraping con xvfb-run
[2025-07-11 11:54:32] Iniciando proceso de scraping bancario
[2025-07-11 11:54:37] Consulta de estado: en_ejecucion, Procesos activos: True
[2025-07-11 11:54:42] Consulta de estado: en_ejecucion, Procesos activos: True
[2025-07-11 11:54:47] Consulta de estado: en_ejecucion, Procesos activos: True
[2025-07-11 11:54:52] Consulta de estado: en_ejecucion, Procesos activos: True
[2025-07-11 11:54:57] Consulta de estado: en_ejecucion, Procesos activos: True
[2025-07-11 11:55:02] Consulta de estado: en_ejecucion, Procesos activos: True
[2025-07-11 11:55:07] Consulta de estado: en_ejecucion, Procesos activos: True
[2025-07-11 11:55:12] Consulta de estado: en_ejecucion, Procesos activos: True
[2025-07-11 11:55:17] Consulta de estado: completado_recientemente, Procesos activos: False
[2025-07-11 11:55:19] Consulta de estado: completado_recientemente, Procesos activos: False
[2025-07-11 12:00:02] Consulta de estado: completado_recientemente, Procesos activos: False
[2025-07-11 12:00:45] Consulta de estado: completado_recientemente, Procesos activos: False
[2025-07-11 12:00:45] Intentando ejecutar script de scraping con xvfb-run
[2025-07-11 12:00:45] Iniciando proceso de scraping bancario
[2025-07-11 12:00:50] Consulta de estado: en_ejecucion, Procesos activos: True
[2025-07-11 12:00:55] Consulta de estado: en_ejecucion, Procesos activos: True
[2025-07-11 12:01:00] Consulta de estado: en_ejecucion, Procesos activos: True
[2025-07-11 12:01:05] Consulta de estado: en_ejecucion, Procesos activos: True
[2025-07-11 12:01:10] Consulta de estado: en_ejecucion, Procesos activos: True
[2025-07-11 12:01:15] Consulta de estado: en_ejecucion, Procesos activos: True
[2025-07-11 12:01:20] Consulta de estado: en_ejecucion, Procesos activos: True
[2025-07-11 12:01:25] Consulta de estado: en_ejecucion, Procesos activos: True
[2025-07-11 12:01:30] Consulta de estado: completado_recientemente, Procesos activos: False
[2025-07-11 12:01:32] Consulta de estado: completado_recientemente, Procesos activos: False
[2025-07-11 12:07:10] Consulta de estado: completado_recientemente, Procesos activos: False
[2025-07-11 12:07:14] Consulta de estado: completado_recientemente, Procesos activos: False
[2025-07-11 12:07:14] Intentando ejecutar script de scraping con xvfb-run
[2025-07-11 12:07:14] Iniciando proceso de scraping bancario
[2025-07-11 12:07:19] Consulta de estado: en_ejecucion, Procesos activos: True
[2025-07-11 12:07:24] Consulta de estado: en_ejecucion, Procesos activos: True
[2025-07-11 12:07:29] Consulta de estado: en_ejecucion, Procesos activos: True
[2025-07-11 12:07:34] Consulta de estado: en_ejecucion, Procesos activos: True
[2025-07-11 12:07:39] Consulta de estado: en_ejecucion, Procesos activos: True
[2025-07-11 12:07:44] Consulta de estado: en_ejecucion, Procesos activos: True
[2025-07-11 12:07:49] Consulta de estado: en_ejecucion, Procesos activos: True
[2025-07-11 12:07:54] Consulta de estado: en_ejecucion, Procesos activos: True
[2025-07-11 12:07:59] Consulta de estado: completado_recientemente, Procesos activos: False
[2025-07-11 12:08:01] Consulta de estado: completado_recientemente, Procesos activos: False
[2025-07-11 12:13:08] Consulta de estado: completado_recientemente, Procesos activos: False
[2025-07-11 12:13:12] Consulta de estado: completado_recientemente, Procesos activos: False
[2025-07-11 12:13:12] Intentando ejecutar script de scraping con xvfb-run
[2025-07-11 12:13:12] Iniciando proceso de scraping bancario
[2025-07-11 12:13:17] Consulta de estado: en_ejecucion, Procesos activos: True
[2025-07-11 12:13:22] Consulta de estado: en_ejecucion, Procesos activos: True
[2025-07-11 12:13:27] Consulta de estado: en_ejecucion, Procesos activos: True
[2025-07-11 12:13:32] Consulta de estado: en_ejecucion, Procesos activos: True
[2025-07-11 12:13:37] Consulta de estado: en_ejecucion, Procesos activos: True
[2025-07-11 12:13:42] Consulta de estado: en_ejecucion, Procesos activos: True
[2025-07-11 12:13:47] Consulta de estado: en_ejecucion, Procesos activos: True
[2025-07-11 12:13:52] Consulta de estado: en_ejecucion, Procesos activos: True
[2025-07-11 12:13:57] Consulta de estado: completado_recientemente, Procesos activos: False
[2025-07-11 12:14:00] Consulta de estado: completado_recientemente, Procesos activos: False
[2025-07-11 12:16:47] Consulta de estado: completado_recientemente, Procesos activos: False
[2025-07-11 12:16:50] Consulta de estado: completado_recientemente, Procesos activos: False
[2025-07-11 12:16:50] Intentando ejecutar script de scraping con xvfb-run
[2025-07-11 12:16:50] Iniciando proceso de scraping bancario
[2025-07-11 12:16:55] Consulta de estado: en_ejecucion, Procesos activos: True
[2025-07-11 12:17:00] Consulta de estado: en_ejecucion, Procesos activos: True
[2025-07-11 12:17:05] Consulta de estado: en_ejecucion, Procesos activos: True
[2025-07-11 12:17:10] Consulta de estado: en_ejecucion, Procesos activos: True
[2025-07-11 12:17:15] Consulta de estado: en_ejecucion, Procesos activos: True
[2025-07-11 12:17:20] Consulta de estado: en_ejecucion, Procesos activos: True
[2025-07-11 12:17:25] Consulta de estado: en_ejecucion, Procesos activos: True
[2025-07-11 12:17:30] Consulta de estado: en_ejecucion, Procesos activos: True
[2025-07-11 12:17:35] Consulta de estado: completado_recientemente, Procesos activos: False
[2025-07-11 12:17:37] Consulta de estado: completado_recientemente, Procesos activos: False
[2025-07-11 13:25:48] Consulta de estado: completado, Procesos activos: False
[2025-07-11 13:26:06] Consulta de estado: completado_recientemente, Procesos activos: False
[2025-07-11 13:44:03] Consulta de estado: completado, Procesos activos: False
[2025-07-11 13:47:05] Consulta de estado: completado_recientemente, Procesos activos: False
[2025-07-11 13:52:29] Consulta de estado: completado_recientemente, Procesos activos: False
[2025-07-11 13:55:02] Consulta de estado: completado_recientemente, Procesos activos: False
[2025-07-11 14:08:56] Consulta de estado: completado, Procesos activos: False
[2025-07-11 14:25:53] Consulta de estado: completado, Procesos activos: False
[2025-07-11 14:27:49] Consulta de estado: completado_recientemente, Procesos activos: False
[2025-07-11 14:28:18] Consulta de estado: completado_recientemente, Procesos activos: False
[2025-07-11 16:39:10] Consulta de estado: completado, Procesos activos: False
[2025-07-11 16:46:36] Consulta de estado: completado_recientemente, Procesos activos: False
[2025-07-11 16:47:02] Consulta de estado: completado_recientemente, Procesos activos: False
[2025-07-11 16:47:17] Consulta de estado: completado_recientemente, Procesos activos: False
[2025-07-11 16:51:14] Consulta de estado: completado_recientemente, Procesos activos: False
[2025-07-11 16:59:03] Consulta de estado: completado_recientemente, Procesos activos: False
[2025-07-11 16:59:22] Consulta de estado: completado_recientemente, Procesos activos: False
[2025-07-11 17:01:58] Consulta de estado: completado_recientemente, Procesos activos: False
[2025-07-11 17:07:39] Consulta de estado: completado_recientemente, Procesos activos: False
[2025-07-11 17:08:00] Consulta de estado: completado_recientemente, Procesos activos: False
[2025-07-11 17:09:14] Consulta de estado: completado_recientemente, Procesos activos: False
[2025-07-11 17:10:27] Consulta de estado: completado_recientemente, Procesos activos: False
[2025-07-11 17:15:11] Consulta de estado: completado_recientemente, Procesos activos: False
[2025-07-11 17:18:23] Consulta de estado: completado_recientemente, Procesos activos: False
[2025-07-11 17:23:09] Consulta de estado: completado_recientemente, Procesos activos: False
[2025-07-11 17:23:36] Consulta de estado: completado_recientemente, Procesos activos: False
[2025-07-11 17:25:18] Consulta de estado: completado_recientemente, Procesos activos: False
[2025-07-11 17:28:25] Consulta de estado: completado_recientemente, Procesos activos: False
[2025-07-11 17:29:08] Consulta de estado: completado_recientemente, Procesos activos: False
[2025-07-11 17:29:08] Intentando ejecutar script de scraping con xvfb-run
[2025-07-11 17:29:08] Iniciando proceso de scraping bancario
[2025-07-11 17:29:13] Consulta de estado: en_ejecucion, Procesos activos: True
[2025-07-11 17:29:18] Consulta de estado: en_ejecucion, Procesos activos: True
[2025-07-11 17:29:23] Consulta de estado: en_ejecucion, Procesos activos: True
[2025-07-11 17:29:28] Consulta de estado: en_ejecucion, Procesos activos: True
[2025-07-11 17:29:33] Consulta de estado: en_ejecucion, Procesos activos: True
[2025-07-11 17:29:38] Consulta de estado: en_ejecucion, Procesos activos: True
[2025-07-11 17:29:43] Consulta de estado: en_ejecucion, Procesos activos: True
[2025-07-11 17:29:48] Consulta de estado: en_ejecucion, Procesos activos: True
[2025-07-11 17:29:53] Consulta de estado: completado_recientemente, Procesos activos: False
[2025-07-11 17:29:55] Consulta de estado: completado_recientemente, Procesos activos: False
[2025-07-11 17:31:25] Consulta de estado: completado_recientemente, Procesos activos: False
[2025-07-11 17:37:12] Consulta de estado: completado_recientemente, Procesos activos: False
[2025-07-11 17:37:18] Consulta de estado: completado_recientemente, Procesos activos: False
[2025-07-11 17:37:18] Intentando ejecutar script de scraping con xvfb-run
[2025-07-11 17:37:18] Iniciando proceso de scraping bancario
[2025-07-11 17:37:23] Consulta de estado: en_ejecucion, Procesos activos: True
[2025-07-11 17:37:28] Consulta de estado: en_ejecucion, Procesos activos: True
[2025-07-11 17:37:33] Consulta de estado: en_ejecucion, Procesos activos: True
[2025-07-11 17:37:38] Consulta de estado: en_ejecucion, Procesos activos: True
[2025-07-11 17:37:43] Consulta de estado: en_ejecucion, Procesos activos: True
[2025-07-11 17:37:48] Consulta de estado: en_ejecucion, Procesos activos: True
[2025-07-11 17:37:53] Consulta de estado: en_ejecucion, Procesos activos: True
[2025-07-11 17:37:58] Consulta de estado: en_ejecucion, Procesos activos: True
[2025-07-11 17:38:03] Consulta de estado: completado_recientemente, Procesos activos: False
[2025-07-11 17:38:05] Consulta de estado: completado_recientemente, Procesos activos: False
[2025-07-11 17:39:23] Consulta de estado: completado_recientemente, Procesos activos: False
[2025-07-11 17:46:10] Consulta de estado: completado_recientemente, Procesos activos: False
[2025-07-11 17:50:59] Consulta de estado: completado_recientemente, Procesos activos: False
[2025-07-11 17:54:00] Consulta de estado: completado_recientemente, Procesos activos: False
[2025-07-11 18:08:46] Consulta de estado: completado, Procesos activos: False
[2025-07-11 18:15:35] Consulta de estado: completado_recientemente, Procesos activos: False
[2025-07-11 18:27:39] Consulta de estado: completado, Procesos activos: False
[2025-07-11 18:48:47] Consulta de estado: completado, Procesos activos: False
[2025-07-11 18:48:49] Consulta de estado: completado_recientemente, Procesos activos: False
[2025-07-11 19:52:48] Consulta de estado: completado, Procesos activos: False
[2025-07-11 19:56:36] Consulta de estado: completado_recientemente, Procesos activos: False
[2025-07-11 21:26:19] Consulta de estado: completado, Procesos activos: False
[2025-07-11 21:26:50] Consulta de estado: completado_recientemente, Procesos activos: False
[2025-07-11 21:30:16] Consulta de estado: completado_recientemente, Procesos activos: False
[2025-07-11 21:30:56] Consulta de estado: completado_recientemente, Procesos activos: False
[2025-07-11 21:35:30] Consulta de estado: completado_recientemente, Procesos activos: False
[2025-07-11 21:39:54] Consulta de estado: completado_recientemente, Procesos activos: False
[2025-07-11 21:45:31] Consulta de estado: completado_recientemente, Procesos activos: False
[2025-07-12 10:43:08] Consulta de estado: completado, Procesos activos: False
[2025-07-12 10:43:15] Consulta de estado: completado_recientemente, Procesos activos: False
[2025-07-12 10:43:15] Intentando ejecutar script de scraping con xvfb-run
[2025-07-12 10:43:15] Iniciando proceso de scraping bancario
[2025-07-12 10:43:20] Consulta de estado: en_ejecucion, Procesos activos: True
[2025-07-12 10:43:25] Consulta de estado: en_ejecucion, Procesos activos: True
[2025-07-12 10:43:30] Consulta de estado: en_ejecucion, Procesos activos: True
[2025-07-12 10:43:35] Consulta de estado: en_ejecucion, Procesos activos: True
[2025-07-12 10:43:40] Consulta de estado: en_ejecucion, Procesos activos: True
[2025-07-12 10:43:45] Consulta de estado: en_ejecucion, Procesos activos: True
[2025-07-12 10:43:50] Consulta de estado: en_ejecucion, Procesos activos: True
[2025-07-12 10:43:55] Consulta de estado: en_ejecucion, Procesos activos: True
[2025-07-12 10:44:00] Consulta de estado: completado_recientemente, Procesos activos: False
[2025-07-12 10:44:02] Consulta de estado: completado_recientemente, Procesos activos: False
[2025-07-12 10:44:18] Consulta de estado: completado_recientemente, Procesos activos: False
[2025-07-12 10:46:14] Consulta de estado: completado_recientemente, Procesos activos: False
[2025-07-12 11:08:28] Consulta de estado: completado, Procesos activos: False
[2025-07-12 11:13:41] Consulta de estado: completado_recientemente, Procesos activos: False
[2025-07-12 11:18:22] Consulta de estado: completado_recientemente, Procesos activos: False
[2025-07-12 11:39:50] Consulta de estado: completado, Procesos activos: False
[2025-07-12 11:40:09] Consulta de estado: completado_recientemente, Procesos activos: False
[2025-07-12 11:43:14] Consulta de estado: completado_recientemente, Procesos activos: False
[2025-07-12 11:47:04] Consulta de estado: completado_recientemente, Procesos activos: False
[2025-07-12 13:34:26] Consulta de estado: completado, Procesos activos: False
[2025-07-12 13:41:40] Consulta de estado: completado_recientemente, Procesos activos: False
[2025-07-12 13:42:30] Consulta de estado: completado_recientemente, Procesos activos: False
[2025-07-12 13:44:40] Consulta de estado: completado_recientemente, Procesos activos: False
[2025-07-12 13:46:42] Consulta de estado: completado_recientemente, Procesos activos: False
[2025-07-12 13:49:53] Consulta de estado: completado_recientemente, Procesos activos: False
[2025-07-12 13:51:28] Consulta de estado: completado_recientemente, Procesos activos: False
[2025-07-12 13:53:41] Consulta de estado: completado_recientemente, Procesos activos: False
[2025-07-12 14:00:24] Consulta de estado: completado_recientemente, Procesos activos: False
[2025-07-12 14:04:59] Consulta de estado: completado_recientemente, Procesos activos: False
[2025-07-12 14:06:50] Consulta de estado: completado_recientemente, Procesos activos: False
[2025-07-12 14:11:53] Consulta de estado: completado_recientemente, Procesos activos: False
[2025-07-12 14:13:41] Consulta de estado: completado_recientemente, Procesos activos: False
[2025-07-12 14:15:37] Consulta de estado: completado_recientemente, Procesos activos: False
[2025-07-12 14:18:25] Consulta de estado: completado_recientemente, Procesos activos: False
[2025-07-12 14:20:56] Consulta de estado: completado_recientemente, Procesos activos: False
[2025-07-12 14:23:22] Consulta de estado: completado_recientemente, Procesos activos: False
[2025-07-12 14:23:22] Intentando ejecutar script de scraping con xvfb-run
[2025-07-12 14:23:22] Iniciando proceso de scraping bancario
[2025-07-12 14:23:27] Consulta de estado: en_ejecucion, Procesos activos: True
[2025-07-12 14:23:32] Consulta de estado: en_ejecucion, Procesos activos: True
[2025-07-12 14:23:37] Consulta de estado: en_ejecucion, Procesos activos: True
[2025-07-12 14:23:42] Consulta de estado: en_ejecucion, Procesos activos: True
[2025-07-12 14:23:47] Consulta de estado: en_ejecucion, Procesos activos: True
[2025-07-12 14:23:52] Consulta de estado: en_ejecucion, Procesos activos: True
[2025-07-12 14:23:57] Consulta de estado: en_ejecucion, Procesos activos: True
[2025-07-12 14:24:02] Consulta de estado: en_ejecucion, Procesos activos: True
[2025-07-12 14:24:07] Consulta de estado: completado_recientemente, Procesos activos: False
[2025-07-12 14:24:09] Consulta de estado: completado_recientemente, Procesos activos: False
[2025-07-12 14:24:37] Consulta de estado: completado_recientemente, Procesos activos: False
[2025-07-12 14:31:35] Consulta de estado: completado_recientemente, Procesos activos: False
[2025-07-12 14:32:06] Consulta de estado: completado_recientemente, Procesos activos: False
[2025-07-12 14:38:45] Consulta de estado: completado_recientemente, Procesos activos: False
[2025-07-12 14:40:38] Consulta de estado: completado_recientemente, Procesos activos: False
[2025-07-14 08:56:06] Consulta de estado: completado, Procesos activos: False
[2025-07-14 08:56:12] Consulta de estado: completado_recientemente, Procesos activos: False
[2025-07-14 08:56:12] Intentando ejecutar script de scraping con xvfb-run
[2025-07-14 08:56:12] Iniciando proceso de scraping bancario
[2025-07-14 08:56:17] Consulta de estado: en_ejecucion, Procesos activos: True
[2025-07-14 08:56:22] Consulta de estado: en_ejecucion, Procesos activos: True
[2025-07-14 08:56:27] Consulta de estado: en_ejecucion, Procesos activos: True
[2025-07-14 08:56:32] Consulta de estado: en_ejecucion, Procesos activos: True
[2025-07-14 08:56:37] Consulta de estado: en_ejecucion, Procesos activos: True
[2025-07-14 08:56:42] Consulta de estado: en_ejecucion, Procesos activos: True
[2025-07-14 08:56:47] Consulta de estado: en_ejecucion, Procesos activos: True
[2025-07-14 08:56:52] Consulta de estado: en_ejecucion, Procesos activos: True
[2025-07-14 08:56:57] Consulta de estado: completado_recientemente, Procesos activos: False
[2025-07-14 08:56:59] Consulta de estado: completado_recientemente, Procesos activos: False
[2025-07-14 09:09:15] Consulta de estado: completado, Procesos activos: False
[2025-07-14 09:46:33] Consulta de estado: completado, Procesos activos: False
[2025-07-14 09:46:33] Intentando ejecutar script de scraping con xvfb-run
[2025-07-14 09:46:33] Iniciando proceso de scraping bancario
[2025-07-14 09:46:38] Consulta de estado: en_ejecucion, Procesos activos: True
[2025-07-14 09:46:43] Consulta de estado: en_ejecucion, Procesos activos: True
[2025-07-14 09:46:48] Consulta de estado: en_ejecucion, Procesos activos: True
[2025-07-14 09:46:53] Consulta de estado: en_ejecucion, Procesos activos: True
[2025-07-14 09:46:58] Consulta de estado: en_ejecucion, Procesos activos: True
[2025-07-14 09:47:03] Consulta de estado: en_ejecucion, Procesos activos: True
[2025-07-14 09:47:08] Consulta de estado: en_ejecucion, Procesos activos: True
[2025-07-14 09:47:13] Consulta de estado: en_ejecucion, Procesos activos: True
[2025-07-14 09:47:18] Consulta de estado: completado_recientemente, Procesos activos: False
[2025-07-14 09:47:21] Consulta de estado: completado_recientemente, Procesos activos: False
[2025-07-14 09:47:52] Consulta de estado: completado_recientemente, Procesos activos: False
[2025-07-14 10:20:01] Consulta de estado: completado, Procesos activos: False
[2025-07-14 10:20:14] Consulta de estado: completado_recientemente, Procesos activos: False
[2025-07-14 10:20:14] Intentando ejecutar script de scraping con xvfb-run
[2025-07-14 10:20:14] Iniciando proceso de scraping bancario
[2025-07-14 10:20:19] Consulta de estado: en_ejecucion, Procesos activos: True
[2025-07-14 10:20:24] Consulta de estado: en_ejecucion, Procesos activos: True
[2025-07-14 10:20:29] Consulta de estado: en_ejecucion, Procesos activos: True
[2025-07-14 10:20:34] Consulta de estado: en_ejecucion, Procesos activos: True
[2025-07-14 10:20:39] Consulta de estado: en_ejecucion, Procesos activos: True
[2025-07-14 10:20:44] Consulta de estado: en_ejecucion, Procesos activos: True
[2025-07-14 10:20:49] Consulta de estado: en_ejecucion, Procesos activos: True
[2025-07-14 10:20:54] Consulta de estado: en_ejecucion, Procesos activos: True
[2025-07-14 10:20:59] Consulta de estado: completado_recientemente, Procesos activos: False
[2025-07-14 10:21:01] Consulta de estado: completado_recientemente, Procesos activos: False
[2025-07-14 10:21:50] Consulta de estado: completado_recientemente, Procesos activos: False
[2025-07-14 11:31:54] Consulta de estado: completado, Procesos activos: False
[2025-07-14 11:32:55] Consulta de estado: completado_recientemente, Procesos activos: False
[2025-07-14 11:49:22] Consulta de estado: completado, Procesos activos: False
[2025-07-14 12:28:16] Consulta de estado: completado, Procesos activos: False
[2025-07-14 12:28:49] Consulta de estado: completado_recientemente, Procesos activos: False
[2025-07-14 12:29:35] Consulta de estado: completado_recientemente, Procesos activos: False
[2025-07-14 12:29:40] Consulta de estado: completado_recientemente, Procesos activos: False
[2025-07-14 12:29:40] Intentando ejecutar script de scraping con xvfb-run
[2025-07-14 12:29:40] Iniciando proceso de scraping bancario
[2025-07-14 12:29:45] Consulta de estado: en_ejecucion, Procesos activos: True
[2025-07-14 12:29:50] Consulta de estado: en_ejecucion, Procesos activos: True
[2025-07-14 12:29:55] Consulta de estado: en_ejecucion, Procesos activos: True
[2025-07-14 12:30:00] Consulta de estado: en_ejecucion, Procesos activos: True
[2025-07-14 12:30:05] Consulta de estado: en_ejecucion, Procesos activos: True
[2025-07-14 12:30:10] Consulta de estado: en_ejecucion, Procesos activos: True
[2025-07-14 12:30:15] Consulta de estado: en_ejecucion, Procesos activos: True
[2025-07-14 12:30:20] Consulta de estado: en_ejecucion, Procesos activos: True
[2025-07-14 12:30:25] Consulta de estado: en_ejecucion, Procesos activos: True
[2025-07-14 12:30:30] Consulta de estado: completado_recientemente, Procesos activos: False
[2025-07-14 12:30:33] Consulta de estado: completado_recientemente, Procesos activos: False
[2025-07-14 12:34:36] Consulta de estado: completado_recientemente, Procesos activos: False
[2025-07-14 13:10:57] Consulta de estado: completado, Procesos activos: False
[2025-07-14 13:12:02] Consulta de estado: completado_recientemente, Procesos activos: False
[2025-07-14 13:30:58] Consulta de estado: completado, Procesos activos: False
[2025-07-14 13:31:42] Consulta de estado: completado_recientemente, Procesos activos: False
[2025-07-14 13:53:37] Consulta de estado: completado, Procesos activos: False
[2025-07-14 17:26:57] Consulta de estado: completado, Procesos activos: False
[2025-07-14 17:29:09] Consulta de estado: completado_recientemente, Procesos activos: False
[2025-07-15 09:51:29] Consulta de estado: completado, Procesos activos: False
[2025-07-15 09:51:39] Consulta de estado: completado_recientemente, Procesos activos: False
[2025-07-15 09:51:39] Intentando ejecutar script de scraping con xvfb-run
[2025-07-15 09:51:39] Iniciando proceso de scraping bancario
[2025-07-15 09:51:44] Consulta de estado: en_ejecucion, Procesos activos: True
[2025-07-15 09:51:49] Consulta de estado: en_ejecucion, Procesos activos: True
[2025-07-15 09:51:54] Consulta de estado: en_ejecucion, Procesos activos: True
[2025-07-15 09:51:59] Consulta de estado: en_ejecucion, Procesos activos: True
[2025-07-15 09:52:04] Consulta de estado: en_ejecucion, Procesos activos: True
[2025-07-15 09:52:09] Consulta de estado: en_ejecucion, Procesos activos: True
[2025-07-15 09:52:14] Consulta de estado: en_ejecucion, Procesos activos: True
[2025-07-15 09:52:19] Consulta de estado: en_ejecucion, Procesos activos: True
[2025-07-15 09:52:24] Consulta de estado: completado_recientemente, Procesos activos: False
[2025-07-15 09:52:26] Consulta de estado: completado_recientemente, Procesos activos: False
[2025-07-15 09:54:07] Consulta de estado: completado_recientemente, Procesos activos: False
[2025-07-15 09:56:00] Consulta de estado: completado_recientemente, Procesos activos: False
[2025-07-15 10:52:28] Consulta de estado: completado, Procesos activos: False
[2025-07-15 10:55:05] Consulta de estado: completado_recientemente, Procesos activos: False
[2025-07-15 10:55:43] Consulta de estado: completado_recientemente, Procesos activos: False
[2025-07-15 10:58:39] Consulta de estado: completado_recientemente, Procesos activos: False
[2025-07-15 10:59:59] Consulta de estado: completado_recientemente, Procesos activos: False
[2025-07-15 11:09:31] Consulta de estado: completado_recientemente, Procesos activos: False
[2025-07-15 11:18:33] Consulta de estado: completado_recientemente, Procesos activos: False
[2025-07-15 11:25:06] Consulta de estado: completado_recientemente, Procesos activos: False
[2025-07-15 11:33:21] Consulta de estado: completado_recientemente, Procesos activos: False
[2025-07-15 11:34:11] Consulta de estado: completado_recientemente, Procesos activos: False
[2025-07-15 11:38:32] Consulta de estado: completado_recientemente, Procesos activos: False
[2025-07-15 11:48:24] Consulta de estado: completado_recientemente, Procesos activos: False
[2025-07-15 13:15:39] Consulta de estado: completado, Procesos activos: False
[2025-07-15 13:20:25] Consulta de estado: completado_recientemente, Procesos activos: False
[2025-07-15 13:20:56] Consulta de estado: completado_recientemente, Procesos activos: False
[2025-07-15 13:25:33] Consulta de estado: completado_recientemente, Procesos activos: False
[2025-07-15 13:34:45] Consulta de estado: completado_recientemente, Procesos activos: False
[2025-07-15 13:35:49] Consulta de estado: completado_recientemente, Procesos activos: False
[2025-07-15 13:36:26] Consulta de estado: completado_recientemente, Procesos activos: False
[2025-07-15 13:50:01] Consulta de estado: completado, Procesos activos: False
[2025-07-15 13:50:11] Consulta de estado: completado_recientemente, Procesos activos: False
[2025-07-15 13:50:11] Intentando ejecutar script de scraping con xvfb-run
[2025-07-15 13:50:11] Iniciando proceso de scraping bancario
[2025-07-15 13:50:16] Consulta de estado: en_ejecucion, Procesos activos: True
[2025-07-15 13:50:21] Consulta de estado: en_ejecucion, Procesos activos: True
[2025-07-15 13:50:26] Consulta de estado: en_ejecucion, Procesos activos: True
[2025-07-15 13:50:31] Consulta de estado: en_ejecucion, Procesos activos: True
[2025-07-15 13:50:36] Consulta de estado: en_ejecucion, Procesos activos: True
[2025-07-15 13:50:41] Consulta de estado: en_ejecucion, Procesos activos: True
[2025-07-15 13:50:46] Consulta de estado: en_ejecucion, Procesos activos: True
[2025-07-15 13:50:51] Consulta de estado: en_ejecucion, Procesos activos: True
[2025-07-15 13:50:56] Consulta de estado: completado_recientemente, Procesos activos: False
[2025-07-15 13:50:59] Consulta de estado: completado_recientemente, Procesos activos: False
[2025-07-15 13:56:40] Consulta de estado: completado_recientemente, Procesos activos: False
[2025-07-15 17:03:40] Consulta de estado: completado, Procesos activos: False
[2025-07-15 17:08:17] Consulta de estado: completado_recientemente, Procesos activos: False
[2025-07-15 17:33:02] Consulta de estado: completado, Procesos activos: False
[2025-07-15 17:48:58] Consulta de estado: completado, Procesos activos: False
[2025-07-15 17:52:05] Consulta de estado: completado_recientemente, Procesos activos: False
[2025-07-15 17:56:50] Consulta de estado: completado_recientemente, Procesos activos: False
[2025-07-15 17:57:55] Consulta de estado: completado_recientemente, Procesos activos: False
[2025-07-16 08:57:19] Consulta de estado: completado, Procesos activos: False
[2025-07-17 10:14:37] Consulta de estado: completado, Procesos activos: False
[2025-07-17 10:15:21] Consulta de estado: completado_recientemente, Procesos activos: False
[2025-07-17 10:36:52] Consulta de estado: completado, Procesos activos: False
[2025-07-17 10:38:14] Consulta de estado: completado_recientemente, Procesos activos: False
[2025-07-17 10:38:22] Consulta de estado: completado_recientemente, Procesos activos: False
[2025-07-17 10:50:56] Consulta de estado: completado, Procesos activos: False
[2025-07-17 11:31:03] Consulta de estado: completado, Procesos activos: False
[2025-07-17 11:31:09] Consulta de estado: completado_recientemente, Procesos activos: False
[2025-07-17 11:31:09] Intentando ejecutar script de scraping con xvfb-run
[2025-07-17 11:31:09] Iniciando proceso de scraping bancario
[2025-07-17 11:31:14] Consulta de estado: en_ejecucion, Procesos activos: True
[2025-07-17 11:31:19] Consulta de estado: en_ejecucion, Procesos activos: True
[2025-07-17 11:31:24] Consulta de estado: en_ejecucion, Procesos activos: True
[2025-07-17 11:31:29] Consulta de estado: en_ejecucion, Procesos activos: True
[2025-07-17 11:31:34] Consulta de estado: en_ejecucion, Procesos activos: True
[2025-07-17 11:31:39] Consulta de estado: en_ejecucion, Procesos activos: True
[2025-07-17 11:31:44] Consulta de estado: en_ejecucion, Procesos activos: True
[2025-07-17 11:31:49] Consulta de estado: en_ejecucion, Procesos activos: True
[2025-07-17 11:31:54] Consulta de estado: completado_recientemente, Procesos activos: False
[2025-07-17 11:31:56] Consulta de estado: completado_recientemente, Procesos activos: False
[2025-07-17 11:45:46] Consulta de estado: completado, Procesos activos: False
[2025-07-17 11:45:46] Intentando ejecutar script de scraping con xvfb-run
[2025-07-17 11:45:46] Iniciando proceso de scraping bancario
[2025-07-17 11:45:51] Consulta de estado: en_ejecucion, Procesos activos: True
[2025-07-17 11:45:56] Consulta de estado: en_ejecucion, Procesos activos: True
[2025-07-17 11:46:01] Consulta de estado: en_ejecucion, Procesos activos: True
[2025-07-17 11:46:06] Consulta de estado: en_ejecucion, Procesos activos: True
[2025-07-17 11:46:11] Consulta de estado: en_ejecucion, Procesos activos: True
[2025-07-17 11:50:39] Consulta de estado: completado_recientemente, Procesos activos: False
[2025-07-17 11:50:46] Consulta de estado: completado_recientemente, Procesos activos: False
[2025-07-17 17:17:19] Consulta de estado: completado, Procesos activos: False
[2025-07-17 17:18:55] Consulta de estado: completado_recientemente, Procesos activos: False
[2025-07-18 11:50:46] Consulta de estado: completado, Procesos activos: False
[2025-07-18 11:55:36] Consulta de estado: completado_recientemente, Procesos activos: False
[2025-07-18 16:23:26] Consulta de estado: completado, Procesos activos: False
[2025-07-18 16:27:51] Consulta de estado: completado_recientemente, Procesos activos: False
[2025-07-18 17:40:31] Consulta de estado: completado, Procesos activos: False
[2025-07-19 22:20:32] Consulta de estado: completado, Procesos activos: False
[2025-07-21 12:09:28] Consulta de estado: completado, Procesos activos: False
[2025-07-21 12:10:15] Consulta de estado: completado_recientemente, Procesos activos: False
[2025-07-21 12:10:48] Consulta de estado: completado_recientemente, Procesos activos: False
[2025-07-21 12:13:27] Consulta de estado: completado_recientemente, Procesos activos: False
[2025-07-21 12:21:10] Consulta de estado: completado_recientemente, Procesos activos: False
[2025-07-21 12:22:37] Consulta de estado: completado_recientemente, Procesos activos: False
[2025-07-21 12:27:49] Consulta de estado: completado_recientemente, Procesos activos: False
[2025-07-21 12:29:36] Consulta de estado: completado_recientemente, Procesos activos: False
[2025-07-21 12:35:40] Consulta de estado: completado_recientemente, Procesos activos: False
[2025-07-21 13:02:31] Consulta de estado: completado, Procesos activos: False
[2025-07-21 13:03:13] Consulta de estado: completado_recientemente, Procesos activos: False
[2025-07-21 13:09:56] Consulta de estado: completado_recientemente, Procesos activos: False
[2025-07-21 13:22:50] Consulta de estado: completado, Procesos activos: False
[2025-07-21 14:25:19] Consulta de estado: completado, Procesos activos: False
[2025-07-21 14:58:16] Consulta de estado: completado, Procesos activos: False
[2025-07-21 15:05:40] Consulta de estado: completado_recientemente, Procesos activos: False
[2025-07-21 15:06:22] Consulta de estado: completado_recientemente, Procesos activos: False
