2025-08-12 16:55:17,414 - INFO - === scrapeo.py iniciado ===
2025-08-12 16:55:17,931 - INFO - Contexto persistente iniciado (perfil reutilizable) con configuración anti-detección avanzada
2025-08-12 16:55:18,043 - INFO - → Abriendo página...
2025-08-12 16:55:18,043 - INFO - Navegando a página de inicio del banco...
2025-08-12 16:55:18,706 - INFO - Buscando enlace a la página de login
2025-08-12 16:55:23,712 - INFO - No se encontró enlace directo a login, navegando directamente
2025-08-12 16:55:24,358 - INFO - Página de login cargada
2025-08-12 16:55:24,358 - INFO - Guardando HTML inicial para diagnóstico (sin PNG)
2025-08-12 16:55:24,370 - INFO - Contenido HTML guardado en /var/www/html/logs/pagina_inicial_20250812_165524.html
2025-08-12 16:55:24,370 - INFO - URL actual: https://particulares.bancosantander.es/login/
2025-08-12 16:55:24,370 - INFO - Intentando aceptar/ocultar banner de cookies (OneTrust)...
2025-08-12 16:55:26,081 - INFO - Guardando HTML tras cookies (sin PNG)
2025-08-12 16:55:26,094 - INFO - Analizando todos los campos de entrada visibles en la página
2025-08-12 16:55:26,101 - INFO - Se encontraron 10 campos de entrada
2025-08-12 16:55:26,102 - INFO - Input 0: id=inputDocuNumber, type=text, name=number, visible=True
2025-08-12 16:55:26,102 - INFO - Input 1: id=inputPW0, type=password, name=formControlPass0, visible=True
2025-08-12 16:55:26,102 - INFO - Input 2: id=inputPW1, type=password, name=formControlPass1, visible=True
2025-08-12 16:55:26,102 - INFO - Input 3: id=inputPW2, type=password, name=formControlPass2, visible=True
2025-08-12 16:55:26,102 - INFO - Input 4: id=inputPW3, type=password, name=formControlPass3, visible=True
2025-08-12 16:55:26,102 - INFO - Input 5: id=inputPW4, type=password, name=formControlPass4, visible=True
2025-08-12 16:55:26,102 - INFO - Input 6: id=inputPW5, type=password, name=formControlPass5, visible=True
2025-08-12 16:55:26,102 - INFO - Input 7: id=inputPW6, type=password, name=formControlPass6, visible=True
2025-08-12 16:55:26,102 - INFO - Input 8: id=inputPW7, type=password, name=formControlPass7, visible=True
2025-08-12 16:55:26,102 - INFO - Input 9: id=mat-checkbox-1-input, type=checkbox, name=rememberMe, visible=False
2025-08-12 16:55:26,102 - INFO - Intentando encontrar el selector: #inputDocuNumber
2025-08-12 16:55:26,109 - INFO - Selector encontrado y visible: #inputDocuNumber
2025-08-12 16:55:26,109 - INFO - Selector visible, se continúa sin capturar PNG
2025-08-12 16:57:52,494 - INFO - === scrapeo.py iniciado ===
2025-08-12 16:57:52,959 - INFO - Contexto persistente iniciado (perfil reutilizable) con configuración anti-detección avanzada
2025-08-12 16:57:53,120 - INFO - → Abriendo página...
2025-08-12 16:57:53,120 - INFO - Navegando a página de inicio del banco...
2025-08-12 16:57:53,953 - INFO - Buscando enlace a la página de login
2025-08-12 16:57:58,960 - INFO - No se encontró enlace directo a login, navegando directamente
2025-08-12 16:57:59,529 - INFO - Página de login cargada
2025-08-12 16:57:59,529 - INFO - Guardando HTML inicial para diagnóstico (sin PNG)
2025-08-12 16:57:59,540 - INFO - Contenido HTML guardado en /var/www/html/logs/pagina_inicial_20250812_165759.html
2025-08-12 16:57:59,540 - INFO - URL actual: https://particulares.bancosantander.es/login/
2025-08-12 16:57:59,540 - INFO - Intentando aceptar/ocultar banner de cookies (OneTrust)...
2025-08-12 16:58:01,334 - INFO - Guardando HTML tras cookies (sin PNG)
2025-08-12 16:58:01,349 - INFO - Analizando todos los campos de entrada visibles en la página
2025-08-12 16:58:01,358 - INFO - Se encontraron 10 campos de entrada
2025-08-12 16:58:01,358 - INFO - Input 0: id=inputDocuNumber, type=text, name=number, visible=True
2025-08-12 16:58:01,359 - INFO - Input 1: id=inputPW0, type=password, name=formControlPass0, visible=True
2025-08-12 16:58:01,359 - INFO - Input 2: id=inputPW1, type=password, name=formControlPass1, visible=True
2025-08-12 16:58:01,359 - INFO - Input 3: id=inputPW2, type=password, name=formControlPass2, visible=True
2025-08-12 16:58:01,359 - INFO - Input 4: id=inputPW3, type=password, name=formControlPass3, visible=True
2025-08-12 16:58:01,359 - INFO - Input 5: id=inputPW4, type=password, name=formControlPass4, visible=True
2025-08-12 16:58:01,359 - INFO - Input 6: id=inputPW5, type=password, name=formControlPass5, visible=True
2025-08-12 16:58:01,359 - INFO - Input 7: id=inputPW6, type=password, name=formControlPass6, visible=True
2025-08-12 16:58:01,359 - INFO - Input 8: id=inputPW7, type=password, name=formControlPass7, visible=True
2025-08-12 16:58:01,359 - INFO - Input 9: id=mat-checkbox-1-input, type=checkbox, name=rememberMe, visible=False
2025-08-12 16:58:01,359 - INFO - Intentando encontrar el selector: #inputDocuNumber
2025-08-12 16:58:01,365 - INFO - Selector encontrado y visible: #inputDocuNumber
2025-08-12 16:58:01,365 - INFO - Selector visible, se continúa sin capturar PNG
